<?xml version="1.0" encoding="UTF-8"?>
<testng-results ignored="0" total="1" passed="1" failed="0" skipped="0">
  <reporter-output>
  </reporter-output>
  <suite started-at="2024-07-10T11:20:25 IST" name="Default suite" finished-at="2024-07-10T11:20:34 IST" duration-ms="8628">
    <groups>
    </groups>
    <test started-at="2024-07-10T11:20:25 IST" name="Default test" finished-at="2024-07-10T11:20:34 IST" duration-ms="8628">
      <class name="openit.OpenIt">
        <test-method signature="testinGNG()[pri:0, instance:openit.OpenIt@957e06]" started-at="2024-07-10T11:20:25 IST" name="testinGNG" finished-at="2024-07-10T11:20:34 IST" duration-ms="8603" status="PASS">
          <reporter-output>
          </reporter-output>
        </test-method> <!-- testinGNG -->
      </class> <!-- openit.OpenIt -->
    </test> <!-- Default test -->
  </suite> <!-- Default suite -->
</testng-results>
